[2026-04-10T17:48:14Z] === ENRICH ITERATION 1 START | repo=stylus/stylus sha=c5b0b904 ===
[2026-04-10T17:48:14Z] [iter=1] PHASE START: enrich repo=stylus/stylus sha=c5b0b904 runlog=/home/runner/work/forx/forx/storage/aggregate/lsp/logs/c5b0b904-enrich-iter-001.log output=/home/runner/work/forx/forx/storage/aggregate/lsp/c5b0b90476d102ef730118099707b9fa026a4313.nq.gz
[2026-04-10T17:48:21Z] [iter=1] Step 1: Loading AST into disk-backed store mem_mb=78 MB
[2026-04-10T17:48:24Z] [iter=1] AST store loaded triples=428852 load_secs=3 mem_mb=628 MB
[2026-04-10T17:48:24Z] [iter=1] Step 2: Finding LSP targets mem_mb=628 MB
[2026-04-10T17:48:24Z] [iter=1] LSP targets found call_sites=3341 imports=32 extends=4 implements=0 secs=0
[2026-04-10T17:48:24Z] [iter=1] Step 2.7: Building position index (one-shot, shared across resolvers) mem_mb=628 MB
[2026-04-10T17:48:26Z] [iter=1] Position index built positions=30650 nodes_with_types=34165 secs=2 mem_mb=628 MB
[2026-04-10T17:48:26Z] [iter=1] Step 3: Starting LSP resolution mem_mb=628 MB already_completed_types=[] already_completed_files=0
[2026-04-10T17:48:26Z] [iter=1] Resolving target type target_type=call_site count=3341
[2026-04-10T17:50:06Z] [iter=1] HEARTBEAT target_type=call_site elapsed_min=1.9 files_done=1 resolved=0 errors=606 current=lib/visitor/deps-resolver.js
[2026-04-10T17:51:11Z] [iter=1] HEARTBEAT target_type=call_site elapsed_min=2.9 files_done=6 resolved=13 errors=1009 current=lib/nodes/ident.js
[2026-04-10T17:51:47Z] [iter=1] HEARTBEAT target_type=call_site elapsed_min=3.6 files_done=13 resolved=36 errors=1231 current=lib/functions/image-size.js
[2026-04-10T17:52:22Z] [iter=1] HEARTBEAT target_type=call_site elapsed_min=4.1 files_done=22 resolved=41 errors=1442 current=lib/cache/fs.js
[2026-04-10T17:52:52Z] [iter=1] HEARTBEAT target_type=call_site elapsed_min=4.6 files_done=33 resolved=63 errors=1629 current=lib/functions/rgba.js
[2026-04-10T17:53:23Z] [iter=1] HEARTBEAT target_type=call_site elapsed_min=5.1 files_done=56 resolved=91 errors=1815 current=lib/nodes/unaryop.js
[2026-04-10T17:53:53Z] [iter=1] HEARTBEAT target_type=call_site elapsed_min=5.6 files_done=93 resolved=116 errors=2001 current=lib/functions/pop.js
[2026-04-10T17:54:19Z] [iter=1] Target type resolved target_type=call_site resolved=141 errors=2142 secs=353 mem_mb=628 MB
[2026-04-10T17:54:19Z] [iter=1] Resolving target type target_type=import_statement count=32
[2026-04-10T17:54:21Z] [iter=1] Target type resolved target_type=import_statement resolved=9 errors=0 secs=2 mem_mb=628 MB
[2026-04-10T17:54:21Z] [iter=1] Resolving target type target_type=extends_clause count=4
[2026-04-10T17:54:23Z] [iter=1] Target type resolved target_type=extends_clause resolved=4 errors=0 secs=2 mem_mb=628 MB
[2026-04-10T17:54:28Z] [iter=1] Step 5: Writing final enrichment file triples=27295
[2026-04-10T17:54:28Z] [iter=1] Enrichment file written path=/home/runner/work/forx/forx/storage/aggregate/lsp/c5b0b90476d102ef730118099707b9fa026a4313.nq.gz size_kb=486
[2026-04-10T17:54:28Z] [iter=1] PHASE END: enrich elapsed_s=374 elapsed_min=6.2 total_triples=27295
